<?xml version="1.0" encoding="UTF-8"?>
<!-- Generated by org.testng.reporters.JUnitXMLReporter -->
<testsuite ignored="0" hostname="admin" failures="0" tests="5" name="Default test" time="118.811" errors="0" timestamp="2025-11-22T16:29:18 IST">
  <testcase classname="com.jala.qa.TestLayer.EmployeeCreateTestPage" name="validateEmployeeCreatePage" time="13.33"/>
  <testcase classname="com.jala.qa.TestLayer.EmployeeCreateTestPage" name="validateEmployeeCreatePage" time="13.329"/>
  <testcase classname="com.jala.qa.TestLayer.EmployeeCreateTestPage" name="validateEmployeeCreatePage" time="13.107"/>
  <testcase classname="com.jala.qa.TestLayer.EmployeeCreateTestPage" name="validateEmployeeCreatePage" time="13.2"/>
  <testcase classname="com.jala.qa.TestLayer.EmployeeCreateTestPage" name="validateEmployeeCreatePage" time="13.071"/>
</testsuite> <!-- Default test -->
