<?xml version="1.0" encoding="UTF-8"?>
<testng-results ignored="0" total="5" passed="5" failed="0" skipped="0">
  <reporter-output>
    <line>
      <![CDATA[Search Employee page title matched, TC Passed]]>
    </line>
    <line>
      <![CDATA[Search Employee page title matched, TC Passed]]>
    </line>
    <line>
      <![CDATA[Search Employee page title matched, TC Passed]]>
    </line>
    <line>
      <![CDATA[Search Employee page title matched, TC Passed]]>
    </line>
    <line>
      <![CDATA[Search Employee page title matched, TC Passed]]>
    </line>
  </reporter-output>
  <suite started-at="2025-11-22T16:27:19 IST" name="Default suite" finished-at="2025-11-22T16:29:18 IST" duration-ms="118811">
    <groups>
    </groups>
    <test started-at="2025-11-22T16:27:19 IST" name="Default test" finished-at="2025-11-22T16:29:18 IST" duration-ms="118811">
      <class name="com.jala.qa.TestLayer.EmployeeCreateTestPage">
        <test-method is-config="true" signature="setUp()[pri:0, instance:com.jala.qa.TestLayer.EmployeeCreateTestPage@2a7f1f10]" started-at="2025-11-22T16:27:21 IST" name="setUp" finished-at="2025-11-22T16:27:29 IST" duration-ms="8086" status="PASS">
          <reporter-output>
          </reporter-output>
        </test-method> <!-- setUp -->
        <test-method signature="validateEmployeeCreatePage(java.lang.String,java.lang.String,java.lang.String,java.lang.String,java.lang.String,java.lang.String,java.lang.String,java.lang.String,java.lang.String,java.lang.String)[pri:0, instance:com.jala.qa.TestLayer.EmployeeCreateTestPage@2a7f1f10]" started-at="2025-11-22T16:27:29 IST" name="validateEmployeeCreatePage" data-provider="getEmployeeData" finished-at="2025-11-22T16:27:42 IST" duration-ms="13330" status="PASS">
          <params>
            <param index="0">
              <value>
                <![CDATA[Sheetal]]>
              </value>
            </param>
            <param index="1">
              <value>
                <![CDATA[Raibole]]>
              </value>
            </param>
            <param index="2">
              <value>
                <![CDATA[sheetal@test.com]]>
              </value>
            </param>
            <param index="3">
              <value>
                <![CDATA[9876543210]]>
              </value>
            </param>
            <param index="4">
              <value>
                <![CDATA[10/3/97]]>
              </value>
            </param>
            <param index="5">
              <value>
                <![CDATA[Female]]>
              </value>
            </param>
            <param index="6">
              <value>
                <![CDATA[Koregaon Park 411014]]>
              </value>
            </param>
            <param index="7">
              <value>
                <![CDATA[India]]>
              </value>
            </param>
            <param index="8">
              <value>
                <![CDATA[Pune]]>
              </value>
            </param>
            <param index="9">
              <value>
                <![CDATA[WebServices]]>
              </value>
            </param>
          </params>
          <reporter-output>
            <line>
              <![CDATA[Search Employee page title matched, TC Passed]]>
            </line>
          </reporter-output>
        </test-method> <!-- validateEmployeeCreatePage -->
        <test-method is-config="true" signature="tearDown()[pri:0, instance:com.jala.qa.TestLayer.EmployeeCreateTestPage@2a7f1f10]" started-at="2025-11-22T16:27:42 IST" name="tearDown" finished-at="2025-11-22T16:27:45 IST" duration-ms="2395" status="PASS">
          <reporter-output>
          </reporter-output>
        </test-method> <!-- tearDown -->
        <test-method is-config="true" signature="setUp()[pri:0, instance:com.jala.qa.TestLayer.EmployeeCreateTestPage@2a7f1f10]" started-at="2025-11-22T16:27:45 IST" name="setUp" finished-at="2025-11-22T16:27:53 IST" duration-ms="8131" status="PASS">
          <reporter-output>
          </reporter-output>
        </test-method> <!-- setUp -->
        <test-method signature="validateEmployeeCreatePage(java.lang.String,java.lang.String,java.lang.String,java.lang.String,java.lang.String,java.lang.String,java.lang.String,java.lang.String,java.lang.String,java.lang.String)[pri:0, instance:com.jala.qa.TestLayer.EmployeeCreateTestPage@2a7f1f10]" started-at="2025-11-22T16:27:53 IST" name="validateEmployeeCreatePage" data-provider="getEmployeeData" finished-at="2025-11-22T16:28:06 IST" duration-ms="13329" status="PASS">
          <params>
            <param index="0">
              <value>
                <![CDATA[John]]>
              </value>
            </param>
            <param index="1">
              <value>
                <![CDATA[Doe]]>
              </value>
            </param>
            <param index="2">
              <value>
                <![CDATA[john.doe@work.com]]>
              </value>
            </param>
            <param index="3">
              <value>
                <![CDATA[9123456780]]>
              </value>
            </param>
            <param index="4">
              <value>
                <![CDATA[5/20/85]]>
              </value>
            </param>
            <param index="5">
              <value>
                <![CDATA[Male]]>
              </value>
            </param>
            <param index="6">
              <value>
                <![CDATA[123 Main St, New York]]>
              </value>
            </param>
            <param index="7">
              <value>
                <![CDATA[Japan]]>
              </value>
            </param>
            <param index="8">
              <value>
                <![CDATA[Yamagata]]>
              </value>
            </param>
            <param index="9">
              <value>
                <![CDATA[Middleware]]>
              </value>
            </param>
          </params>
          <reporter-output>
            <line>
              <![CDATA[Search Employee page title matched, TC Passed]]>
            </line>
          </reporter-output>
        </test-method> <!-- validateEmployeeCreatePage -->
        <test-method is-config="true" signature="tearDown()[pri:0, instance:com.jala.qa.TestLayer.EmployeeCreateTestPage@2a7f1f10]" started-at="2025-11-22T16:28:06 IST" name="tearDown" finished-at="2025-11-22T16:28:08 IST" duration-ms="2358" status="PASS">
          <reporter-output>
          </reporter-output>
        </test-method> <!-- tearDown -->
        <test-method is-config="true" signature="setUp()[pri:0, instance:com.jala.qa.TestLayer.EmployeeCreateTestPage@2a7f1f10]" started-at="2025-11-22T16:28:08 IST" name="setUp" finished-at="2025-11-22T16:28:17 IST" duration-ms="8486" status="PASS">
          <reporter-output>
          </reporter-output>
        </test-method> <!-- setUp -->
        <test-method signature="validateEmployeeCreatePage(java.lang.String,java.lang.String,java.lang.String,java.lang.String,java.lang.String,java.lang.String,java.lang.String,java.lang.String,java.lang.String,java.lang.String)[pri:0, instance:com.jala.qa.TestLayer.EmployeeCreateTestPage@2a7f1f10]" started-at="2025-11-22T16:28:17 IST" name="validateEmployeeCreatePage" data-provider="getEmployeeData" finished-at="2025-11-22T16:28:30 IST" duration-ms="13107" status="PASS">
          <params>
            <param index="0">
              <value>
                <![CDATA[Riya]]>
              </value>
            </param>
            <param index="1">
              <value>
                <![CDATA[Sharma]]>
              </value>
            </param>
            <param index="2">
              <value>
                <![CDATA[riya.s@corp.com]]>
              </value>
            </param>
            <param index="3">
              <value>
                <![CDATA[8887776660]]>
              </value>
            </param>
            <param index="4">
              <value>
                <![CDATA[12/1/95]]>
              </value>
            </param>
            <param index="5">
              <value>
                <![CDATA[Female]]>
              </value>
            </param>
            <param index="6">
              <value>
                <![CDATA[456 Tech Lane, Bangalore]]>
              </value>
            </param>
            <param index="7">
              <value>
                <![CDATA[Sri Lanka]]>
              </value>
            </param>
            <param index="8">
              <value>
                <![CDATA[Dambulla]]>
              </value>
            </param>
            <param index="9">
              <value>
                <![CDATA[AWS]]>
              </value>
            </param>
          </params>
          <reporter-output>
            <line>
              <![CDATA[Search Employee page title matched, TC Passed]]>
            </line>
          </reporter-output>
        </test-method> <!-- validateEmployeeCreatePage -->
        <test-method is-config="true" signature="tearDown()[pri:0, instance:com.jala.qa.TestLayer.EmployeeCreateTestPage@2a7f1f10]" started-at="2025-11-22T16:28:30 IST" name="tearDown" finished-at="2025-11-22T16:28:32 IST" duration-ms="2372" status="PASS">
          <reporter-output>
          </reporter-output>
        </test-method> <!-- tearDown -->
        <test-method is-config="true" signature="setUp()[pri:0, instance:com.jala.qa.TestLayer.EmployeeCreateTestPage@2a7f1f10]" started-at="2025-11-22T16:28:32 IST" name="setUp" finished-at="2025-11-22T16:28:39 IST" duration-ms="6978" status="PASS">
          <reporter-output>
          </reporter-output>
        </test-method> <!-- setUp -->
        <test-method signature="validateEmployeeCreatePage(java.lang.String,java.lang.String,java.lang.String,java.lang.String,java.lang.String,java.lang.String,java.lang.String,java.lang.String,java.lang.String,java.lang.String)[pri:0, instance:com.jala.qa.TestLayer.EmployeeCreateTestPage@2a7f1f10]" started-at="2025-11-22T16:28:39 IST" name="validateEmployeeCreatePage" data-provider="getEmployeeData" finished-at="2025-11-22T16:28:53 IST" duration-ms="13200" status="PASS">
          <params>
            <param index="0">
              <value>
                <![CDATA[David]]>
              </value>
            </param>
            <param index="1">
              <value>
                <![CDATA[Lee]]>
              </value>
            </param>
            <param index="2">
              <value>
                <![CDATA[david.lee@newco.net]]>
              </value>
            </param>
            <param index="3">
              <value>
                <![CDATA[7001234567]]>
              </value>
            </param>
            <param index="4">
              <value>
                <![CDATA[8/15/90]]>
              </value>
            </param>
            <param index="5">
              <value>
                <![CDATA[Male]]>
              </value>
            </param>
            <param index="6">
              <value>
                <![CDATA[10 Downing Street, London]]>
              </value>
            </param>
            <param index="7">
              <value>
                <![CDATA[Canada]]>
              </value>
            </param>
            <param index="8">
              <value>
                <![CDATA[Cornwall]]>
              </value>
            </param>
            <param index="9">
              <value>
                <![CDATA[DevOps]]>
              </value>
            </param>
          </params>
          <reporter-output>
            <line>
              <![CDATA[Search Employee page title matched, TC Passed]]>
            </line>
          </reporter-output>
        </test-method> <!-- validateEmployeeCreatePage -->
        <test-method is-config="true" signature="tearDown()[pri:0, instance:com.jala.qa.TestLayer.EmployeeCreateTestPage@2a7f1f10]" started-at="2025-11-22T16:28:53 IST" name="tearDown" finished-at="2025-11-22T16:28:55 IST" duration-ms="2372" status="PASS">
          <reporter-output>
          </reporter-output>
        </test-method> <!-- tearDown -->
        <test-method is-config="true" signature="setUp()[pri:0, instance:com.jala.qa.TestLayer.EmployeeCreateTestPage@2a7f1f10]" started-at="2025-11-22T16:28:55 IST" name="setUp" finished-at="2025-11-22T16:29:03 IST" duration-ms="7862" status="PASS">
          <reporter-output>
          </reporter-output>
        </test-method> <!-- setUp -->
        <test-method signature="validateEmployeeCreatePage(java.lang.String,java.lang.String,java.lang.String,java.lang.String,java.lang.String,java.lang.String,java.lang.String,java.lang.String,java.lang.String,java.lang.String)[pri:0, instance:com.jala.qa.TestLayer.EmployeeCreateTestPage@2a7f1f10]" started-at="2025-11-22T16:29:03 IST" name="validateEmployeeCreatePage" data-provider="getEmployeeData" finished-at="2025-11-22T16:29:16 IST" duration-ms="13071" status="PASS">
          <params>
            <param index="0">
              <value>
                <![CDATA[Priya]]>
              </value>
            </param>
            <param index="1">
              <value>
                <![CDATA[Joshi]]>
              </value>
            </param>
            <param index="2">
              <value>
                <![CDATA[priya.j@devteam.org]]>
              </value>
            </param>
            <param index="3">
              <value>
                <![CDATA[8554443332]]>
              </value>
            </param>
            <param index="4">
              <value>
                <![CDATA[4/25/93]]>
              </value>
            </param>
            <param index="5">
              <value>
                <![CDATA[Female]]>
              </value>
            </param>
            <param index="6">
              <value>
                <![CDATA[Cyber Towers, Hitech City]]>
              </value>
            </param>
            <param index="7">
              <value>
                <![CDATA[India]]>
              </value>
            </param>
            <param index="8">
              <value>
                <![CDATA[Hyderabad]]>
              </value>
            </param>
            <param index="9">
              <value>
                <![CDATA[Full Stack Developer]]>
              </value>
            </param>
          </params>
          <reporter-output>
            <line>
              <![CDATA[Search Employee page title matched, TC Passed]]>
            </line>
          </reporter-output>
        </test-method> <!-- validateEmployeeCreatePage -->
        <test-method is-config="true" signature="tearDown()[pri:0, instance:com.jala.qa.TestLayer.EmployeeCreateTestPage@2a7f1f10]" started-at="2025-11-22T16:29:16 IST" name="tearDown" finished-at="2025-11-22T16:29:18 IST" duration-ms="2373" status="PASS">
          <reporter-output>
          </reporter-output>
        </test-method> <!-- tearDown -->
      </class> <!-- com.jala.qa.TestLayer.EmployeeCreateTestPage -->
    </test> <!-- Default test -->
  </suite> <!-- Default suite -->
</testng-results>
