<?xml version="1.0" encoding="UTF-8"?>
<!-- Generated by org.testng.reporters.JUnitReportReporter -->
<testsuite hostname="admin" failures="0" tests="5" name="com.jala.qa.TestLayer.EmployeeCreateTestPage" time="117.450" errors="0" timestamp="2025-11-22T16:29:19 IST" skipped="0">
  <testcase classname="com.jala.qa.TestLayer.EmployeeCreateTestPage" name="validateEmployeeCreatePage" time="22.679">
    <system-out>
      <![CDATA[Search Employee page title matched, TC Passed]]>
    </system-out>
  </testcase> <!-- validateEmployeeCreatePage -->
  <testcase classname="com.jala.qa.TestLayer.EmployeeCreateTestPage" name="validateEmployeeCreatePage" time="23.342">
    <system-out>
      <![CDATA[Search Employee page title matched, TC Passed]]>
    </system-out>
  </testcase> <!-- validateEmployeeCreatePage -->
  <testcase classname="com.jala.qa.TestLayer.EmployeeCreateTestPage" name="validateEmployeeCreatePage" time="24.058">
    <system-out>
      <![CDATA[Search Employee page title matched, TC Passed]]>
    </system-out>
  </testcase> <!-- validateEmployeeCreatePage -->
  <testcase classname="com.jala.qa.TestLayer.EmployeeCreateTestPage" name="validateEmployeeCreatePage" time="23.774">
    <system-out>
      <![CDATA[Search Employee page title matched, TC Passed]]>
    </system-out>
  </testcase> <!-- validateEmployeeCreatePage -->
  <testcase classname="com.jala.qa.TestLayer.EmployeeCreateTestPage" name="validateEmployeeCreatePage" time="23.597">
    <system-out>
      <![CDATA[Search Employee page title matched, TC Passed]]>
    </system-out>
  </testcase> <!-- validateEmployeeCreatePage -->
  <system-out>
    <![CDATA[Search Employee page title matched, TC Passed
Search Employee page title matched, TC Passed
Search Employee page title matched, TC Passed
Search Employee page title matched, TC Passed
Search Employee page title matched, TC Passed]]>
  </system-out>
</testsuite> <!-- com.jala.qa.TestLayer.EmployeeCreateTestPage -->
