<?xml version="1.0" encoding="UTF-8"?>
<!-- Generated by org.testng.reporters.JUnitReportReporter -->
<testsuite hostname="admin" failures="0" tests="2" name="com.jala.qa.TestLayer.HomeTestPage" time="17.776" errors="0" timestamp="2025-11-26T12:38:13 IST" skipped="0">
  <testcase classname="com.jala.qa.TestLayer.HomeTestPage" name="validateHomePageTitle" time="8.011">
    <system-out>
      <![CDATA[Home Page is loaded successfully.]]>
    </system-out>
  </testcase> <!-- validateHomePageTitle -->
  <testcase classname="com.jala.qa.TestLayer.HomeTestPage" name="validateEmployeeCreateNavigation" time="9.765">
    <system-out>
      <![CDATA[Employee--> Create page opened successfully.]]>
    </system-out>
  </testcase> <!-- validateEmployeeCreateNavigation -->
  <system-out>
    <![CDATA[Home Page is loaded successfully.
Employee--> Create page opened successfully.]]>
  </system-out>
</testsuite> <!-- com.jala.qa.TestLayer.HomeTestPage -->
