<?xml version="1.0" encoding="UTF-8"?>
<!-- Generated by org.testng.reporters.JUnitReportReporter -->
<testsuite hostname="admin" failures="0" tests="1" name="com.jala.qa.TestLayer.EmployeeCreateTestPage" time="24.678" errors="0" timestamp="2025-11-16T15:42:41 IST" skipped="0">
  <testcase classname="com.jala.qa.TestLayer.EmployeeCreateTestPage" name="validateEmployeeCreatePage" time="24.678">
    <system-out>
      <![CDATA[Search Employee page title matched, TC Passed]]>
    </system-out>
  </testcase> <!-- validateEmployeeCreatePage -->
  <system-out>
    <![CDATA[Search Employee page title matched, TC Passed]]>
  </system-out>
</testsuite> <!-- com.jala.qa.TestLayer.EmployeeCreateTestPage -->
