<?xml version="1.0" encoding="UTF-8"?>
<!-- Generated by org.testng.reporters.JUnitReportReporter -->
<testsuite hostname="DESKTOP-BMK3LDR" failures="0" tests="1" name="com.jala.qa.TestLayer.LoginTestPage" time="10.406" errors="0" timestamp="2025-11-13T21:42:00 IST" skipped="0">
  <testcase classname="com.jala.qa.TestLayer.LoginTestPage" name="validateLoginPage" time="10.406">
    <system-out>
      <![CDATA[Home page title matched, TC Passed]]>
    </system-out>
  </testcase> <!-- validateLoginPage -->
  <system-out>
    <![CDATA[Home page title matched, TC Passed]]>
  </system-out>
</testsuite> <!-- com.jala.qa.TestLayer.LoginTestPage -->
